<?xml version="1.0" encoding="UTF-8"?>
<testsuite name="jpabook.jpashop.service.MemberServiceTest" tests="2" skipped="0" failures="0" errors="0" timestamp="2024-08-08T09:48:28" hostname="JooYoung.local" time="0.619">
  <properties/>
  <testcase name="중복_회원_예외" classname="jpabook.jpashop.service.MemberServiceTest" time="0.611"/>
  <testcase name="회원가입" classname="jpabook.jpashop.service.MemberServiceTest" time="0.007"/>
  <system-out><![CDATA[18:48:25.907 [Test worker] INFO org.springframework.boot.devtools.restart.RestartApplicationListener -- Restart disabled due to context in which it is running
  .   ____          _            __ _ _
 /\\ / ___'_ __ _ _(_)_ __  __ _ \ \ \ \
( ( )\___ | '_ | '_| | '_ \/ _` | \ \ \ \
 \\/  ___)| |_)| | | | | || (_| |  ) ) ) )
  '  |____| .__|_| |_|_| |_\__, | / / / /
 =========|_|==============|___/=/_/_/_/

 :: Spring Boot ::                (v3.3.0)

2024-08-08T18:48:26.065+09:00  INFO 30944 --- [    Test worker] j.jpashop.service.MemberServiceTest      : Starting MemberServiceTest using Java 17.0.9 with PID 30944 (started by jy_23 in /Users/jy_23/drive/spring_jpa/e_commerce_project)
2024-08-08T18:48:26.066+09:00  INFO 30944 --- [    Test worker] j.jpashop.service.MemberServiceTest      : No active profile set, falling back to 1 default profile: "default"
2024-08-08T18:48:26.443+09:00  INFO 30944 --- [    Test worker] .s.d.r.c.RepositoryConfigurationDelegate : Bootstrapping Spring Data JPA repositories in DEFAULT mode.
2024-08-08T18:48:26.456+09:00  INFO 30944 --- [    Test worker] .s.d.r.c.RepositoryConfigurationDelegate : Finished Spring Data repository scanning in 8 ms. Found 0 JPA repository interfaces.
2024-08-08T18:48:26.751+09:00  INFO 30944 --- [    Test worker] o.hibernate.jpa.internal.util.LogHelper  : HHH000204: Processing PersistenceUnitInfo [name: default]
2024-08-08T18:48:26.788+09:00  INFO 30944 --- [    Test worker] org.hibernate.Version                    : HHH000412: Hibernate ORM core version 6.5.2.Final
2024-08-08T18:48:26.808+09:00  INFO 30944 --- [    Test worker] o.h.c.internal.RegionFactoryInitiator    : HHH000026: Second-level cache disabled
2024-08-08T18:48:26.989+09:00  INFO 30944 --- [    Test worker] o.s.o.j.p.SpringPersistenceUnitInfo      : No LoadTimeWeaver setup: ignoring JPA class transformer
2024-08-08T18:48:27.006+09:00  INFO 30944 --- [    Test worker] com.zaxxer.hikari.HikariDataSource       : HikariPool-1 - Starting...
2024-08-08T18:48:27.117+09:00  INFO 30944 --- [    Test worker] com.zaxxer.hikari.pool.HikariPool        : HikariPool-1 - Added connection conn0: url=jdbc:h2:mem:test user=SA
2024-08-08T18:48:27.118+09:00  INFO 30944 --- [    Test worker] com.zaxxer.hikari.HikariDataSource       : HikariPool-1 - Start completed.
2024-08-08T18:48:27.888+09:00  INFO 30944 --- [    Test worker] o.h.e.t.j.p.i.JtaPlatformInitiator       : HHH000489: No JTA platform available (set 'hibernate.transaction.jta.platform' to enable JTA platform integration)
2024-08-08T18:48:27.961+09:00 DEBUG 30944 --- [    Test worker] org.hibernate.SQL                        : 
    drop table if exists delivery cascade 
2024-08-08T18:48:27.966+09:00  INFO 30944 --- [    Test worker] p6spy                                    : #1723110507966 | took 0ms | statement | connection 1| url jdbc:h2:mem:test

    drop table if exists delivery cascade 

    drop table if exists delivery cascade ;
2024-08-08T18:48:27.967+09:00 DEBUG 30944 --- [    Test worker] org.hibernate.SQL                        : 
    drop table if exists item cascade 
2024-08-08T18:48:27.967+09:00  INFO 30944 --- [    Test worker] p6spy                                    : #1723110507967 | took 0ms | statement | connection 1| url jdbc:h2:mem:test

    drop table if exists item cascade 

    drop table if exists item cascade ;
2024-08-08T18:48:27.967+09:00 DEBUG 30944 --- [    Test worker] org.hibernate.SQL                        : 
    drop table if exists member cascade 
2024-08-08T18:48:27.967+09:00  INFO 30944 --- [    Test worker] p6spy                                    : #1723110507967 | took 0ms | statement | connection 1| url jdbc:h2:mem:test

    drop table if exists member cascade 

    drop table if exists member cascade ;
2024-08-08T18:48:27.967+09:00 DEBUG 30944 --- [    Test worker] org.hibernate.SQL                        : 
    drop table if exists order_item cascade 
2024-08-08T18:48:27.968+09:00  INFO 30944 --- [    Test worker] p6spy                                    : #1723110507968 | took 0ms | statement | connection 1| url jdbc:h2:mem:test

    drop table if exists order_item cascade 

    drop table if exists order_item cascade ;
2024-08-08T18:48:27.968+09:00 DEBUG 30944 --- [    Test worker] org.hibernate.SQL                        : 
    drop table if exists orders cascade 
2024-08-08T18:48:27.969+09:00  INFO 30944 --- [    Test worker] p6spy                                    : #1723110507969 | took 0ms | statement | connection 1| url jdbc:h2:mem:test

    drop table if exists orders cascade 

    drop table if exists orders cascade ;
2024-08-08T18:48:27.969+09:00 DEBUG 30944 --- [    Test worker] org.hibernate.SQL                        : 
    drop sequence if exists delivery_seq
2024-08-08T18:48:27.969+09:00  INFO 30944 --- [    Test worker] p6spy                                    : #1723110507969 | took 0ms | statement | connection 1| url jdbc:h2:mem:test

    drop sequence if exists delivery_seq

    drop sequence if exists delivery_seq;
2024-08-08T18:48:27.970+09:00 DEBUG 30944 --- [    Test worker] org.hibernate.SQL                        : 
    drop sequence if exists item_seq
2024-08-08T18:48:27.970+09:00  INFO 30944 --- [    Test worker] p6spy                                    : #1723110507970 | took 0ms | statement | connection 1| url jdbc:h2:mem:test

    drop sequence if exists item_seq

    drop sequence if exists item_seq;
2024-08-08T18:48:27.970+09:00 DEBUG 30944 --- [    Test worker] org.hibernate.SQL                        : 
    drop sequence if exists member_seq
2024-08-08T18:48:27.970+09:00  INFO 30944 --- [    Test worker] p6spy                                    : #1723110507970 | took 0ms | statement | connection 1| url jdbc:h2:mem:test

    drop sequence if exists member_seq

    drop sequence if exists member_seq;
2024-08-08T18:48:27.970+09:00 DEBUG 30944 --- [    Test worker] org.hibernate.SQL                        : 
    drop sequence if exists order_item_seq
2024-08-08T18:48:27.970+09:00  INFO 30944 --- [    Test worker] p6spy                                    : #1723110507970 | took 0ms | statement | connection 1| url jdbc:h2:mem:test

    drop sequence if exists order_item_seq

    drop sequence if exists order_item_seq;
2024-08-08T18:48:27.971+09:00 DEBUG 30944 --- [    Test worker] org.hibernate.SQL                        : 
    drop sequence if exists orders_seq
2024-08-08T18:48:27.971+09:00  INFO 30944 --- [    Test worker] p6spy                                    : #1723110507971 | took 0ms | statement | connection 1| url jdbc:h2:mem:test

    drop sequence if exists orders_seq

    drop sequence if exists orders_seq;
2024-08-08T18:48:27.976+09:00 DEBUG 30944 --- [    Test worker] org.hibernate.SQL                        : 
    create sequence delivery_seq start with 1 increment by 50
2024-08-08T18:48:27.978+09:00  INFO 30944 --- [    Test worker] p6spy                                    : #1723110507978 | took 1ms | statement | connection 2| url jdbc:h2:mem:test

    create sequence delivery_seq start with 1 increment by 50

    create sequence delivery_seq start with 1 increment by 50;
2024-08-08T18:48:27.979+09:00 DEBUG 30944 --- [    Test worker] org.hibernate.SQL                        : 
    create sequence item_seq start with 1 increment by 50
2024-08-08T18:48:27.979+09:00  INFO 30944 --- [    Test worker] p6spy                                    : #1723110507979 | took 0ms | statement | connection 2| url jdbc:h2:mem:test

    create sequence item_seq start with 1 increment by 50

    create sequence item_seq start with 1 increment by 50;
2024-08-08T18:48:27.979+09:00 DEBUG 30944 --- [    Test worker] org.hibernate.SQL                        : 
    create sequence member_seq start with 1 increment by 50
2024-08-08T18:48:27.980+09:00  INFO 30944 --- [    Test worker] p6spy                                    : #1723110507980 | took 0ms | statement | connection 2| url jdbc:h2:mem:test

    create sequence member_seq start with 1 increment by 50

    create sequence member_seq start with 1 increment by 50;
2024-08-08T18:48:27.980+09:00 DEBUG 30944 --- [    Test worker] org.hibernate.SQL                        : 
    create sequence order_item_seq start with 1 increment by 50
2024-08-08T18:48:27.980+09:00  INFO 30944 --- [    Test worker] p6spy                                    : #1723110507980 | took 0ms | statement | connection 2| url jdbc:h2:mem:test

    create sequence order_item_seq start with 1 increment by 50

    create sequence order_item_seq start with 1 increment by 50;
2024-08-08T18:48:27.980+09:00 DEBUG 30944 --- [    Test worker] org.hibernate.SQL                        : 
    create sequence orders_seq start with 1 increment by 50
2024-08-08T18:48:27.981+09:00  INFO 30944 --- [    Test worker] p6spy                                    : #1723110507981 | took 0ms | statement | connection 2| url jdbc:h2:mem:test

    create sequence orders_seq start with 1 increment by 50

    create sequence orders_seq start with 1 increment by 50;
2024-08-08T18:48:27.983+09:00 DEBUG 30944 --- [    Test worker] org.hibernate.SQL                        : 
    create table delivery (
        delivery_id bigint not null,
        city varchar(255),
        street varchar(255),
        zipcode varchar(255),
        status enum ('COMP','READY'),
        primary key (delivery_id)
    )
2024-08-08T18:48:27.987+09:00  INFO 30944 --- [    Test worker] p6spy                                    : #1723110507987 | took 3ms | statement | connection 2| url jdbc:h2:mem:test

    create table delivery (
        delivery_id bigint not null,
        city varchar(255),
        street varchar(255),
        zipcode varchar(255),
        status enum ('COMP','READY'),
        primary key (delivery_id)
    )

    create table delivery (
        delivery_id bigint not null,
        city varchar(255),
        street varchar(255),
        zipcode varchar(255),
        status enum ('COMP','READY'),
        primary key (delivery_id)
    );
2024-08-08T18:48:27.987+09:00 DEBUG 30944 --- [    Test worker] org.hibernate.SQL                        : 
    create table item (
        price integer not null,
        stock_quantity integer not null,
        item_id bigint not null,
        dtype varchar(31) not null,
        actor varchar(255),
        artist varchar(255),
        author varchar(255),
        director varchar(255),
        etc varchar(255),
        isbn varchar(255),
        name varchar(255),
        primary key (item_id)
    )
2024-08-08T18:48:27.988+09:00  INFO 30944 --- [    Test worker] p6spy                                    : #1723110507988 | took 0ms | statement | connection 2| url jdbc:h2:mem:test

    create table item (
        price integer not null,
        stock_quantity integer not null,
        item_id bigint not null,
        dtype varchar(31) not null,
        actor varchar(255),
        artist varchar(255),
        author varchar(255),
        director varchar(255),
        etc varchar(255),
        isbn varchar(255),
        name varchar(255),
        primary key (item_id)
    )

    create table item (
        price integer not null,
        stock_quantity integer not null,
        item_id bigint not null,
        dtype varchar(31) not null,
        actor varchar(255),
        artist varchar(255),
        author varchar(255),
        director varchar(255),
        etc varchar(255),
        isbn varchar(255),
        name varchar(255),
        primary key (item_id)
    );
2024-08-08T18:48:27.989+09:00 DEBUG 30944 --- [    Test worker] org.hibernate.SQL                        : 
    create table member (
        member_id bigint not null,
        city varchar(255),
        name varchar(255),
        street varchar(255),
        zipcode varchar(255),
        primary key (member_id)
    )
2024-08-08T18:48:27.990+09:00  INFO 30944 --- [    Test worker] p6spy                                    : #1723110507990 | took 0ms | statement | connection 2| url jdbc:h2:mem:test

    create table member (
        member_id bigint not null,
        city varchar(255),
        name varchar(255),
        street varchar(255),
        zipcode varchar(255),
        primary key (member_id)
    )

    create table member (
        member_id bigint not null,
        city varchar(255),
        name varchar(255),
        street varchar(255),
        zipcode varchar(255),
        primary key (member_id)
    );
2024-08-08T18:48:27.991+09:00 DEBUG 30944 --- [    Test worker] org.hibernate.SQL                        : 
    create table order_item (
        count integer not null,
        order_price integer not null,
        item_id bigint,
        order_id bigint,
        order_item_id bigint not null,
        primary key (order_item_id)
    )
2024-08-08T18:48:27.992+09:00  INFO 30944 --- [    Test worker] p6spy                                    : #1723110507992 | took 0ms | statement | connection 2| url jdbc:h2:mem:test

    create table order_item (
        count integer not null,
        order_price integer not null,
        item_id bigint,
        order_id bigint,
        order_item_id bigint not null,
        primary key (order_item_id)
    )

    create table order_item (
        count integer not null,
        order_price integer not null,
        item_id bigint,
        order_id bigint,
        order_item_id bigint not null,
        primary key (order_item_id)
    );
2024-08-08T18:48:27.993+09:00 DEBUG 30944 --- [    Test worker] org.hibernate.SQL                        : 
    create table orders (
        delivery_id bigint unique,
        member_id bigint,
        order_date timestamp(6),
        order_id bigint not null,
        status enum ('CANCEL','ORDER'),
        primary key (order_id)
    )
2024-08-08T18:48:27.995+09:00  INFO 30944 --- [    Test worker] p6spy                                    : #1723110507995 | took 2ms | statement | connection 2| url jdbc:h2:mem:test

    create table orders (
        delivery_id bigint unique,
        member_id bigint,
        order_date timestamp(6),
        order_id bigint not null,
        status enum ('CANCEL','ORDER'),
        primary key (order_id)
    )

    create table orders (
        delivery_id bigint unique,
        member_id bigint,
        order_date timestamp(6),
        order_id bigint not null,
        status enum ('CANCEL','ORDER'),
        primary key (order_id)
    );
2024-08-08T18:48:27.995+09:00 DEBUG 30944 --- [    Test worker] org.hibernate.SQL                        : 
    alter table if exists order_item 
       add constraint FKija6hjjiit8dprnmvtvgdp6ru 
       foreign key (item_id) 
       references item
2024-08-08T18:48:28.003+09:00  INFO 30944 --- [    Test worker] p6spy                                    : #1723110508003 | took 7ms | statement | connection 2| url jdbc:h2:mem:test

    alter table if exists order_item 
       add constraint FKija6hjjiit8dprnmvtvgdp6ru 
       foreign key (item_id) 
       references item

    alter table if exists order_item 
       add constraint FKija6hjjiit8dprnmvtvgdp6ru 
       foreign key (item_id) 
       references item;
2024-08-08T18:48:28.003+09:00 DEBUG 30944 --- [    Test worker] org.hibernate.SQL                        : 
    alter table if exists order_item 
       add constraint FKt4dc2r9nbvbujrljv3e23iibt 
       foreign key (order_id) 
       references orders
2024-08-08T18:48:28.004+09:00  INFO 30944 --- [    Test worker] p6spy                                    : #1723110508004 | took 1ms | statement | connection 2| url jdbc:h2:mem:test

    alter table if exists order_item 
       add constraint FKt4dc2r9nbvbujrljv3e23iibt 
       foreign key (order_id) 
       references orders

    alter table if exists order_item 
       add constraint FKt4dc2r9nbvbujrljv3e23iibt 
       foreign key (order_id) 
       references orders;
2024-08-08T18:48:28.004+09:00 DEBUG 30944 --- [    Test worker] org.hibernate.SQL                        : 
    alter table if exists orders 
       add constraint FKtkrur7wg4d8ax0pwgo0vmy20c 
       foreign key (delivery_id) 
       references delivery
2024-08-08T18:48:28.005+09:00  INFO 30944 --- [    Test worker] p6spy                                    : #1723110508005 | took 0ms | statement | connection 2| url jdbc:h2:mem:test

    alter table if exists orders 
       add constraint FKtkrur7wg4d8ax0pwgo0vmy20c 
       foreign key (delivery_id) 
       references delivery

    alter table if exists orders 
       add constraint FKtkrur7wg4d8ax0pwgo0vmy20c 
       foreign key (delivery_id) 
       references delivery;
2024-08-08T18:48:28.006+09:00 DEBUG 30944 --- [    Test worker] org.hibernate.SQL                        : 
    alter table if exists orders 
       add constraint FKpktxwhj3x9m4gth5ff6bkqgeb 
       foreign key (member_id) 
       references member
2024-08-08T18:48:28.007+09:00  INFO 30944 --- [    Test worker] p6spy                                    : #1723110508007 | took 1ms | statement | connection 2| url jdbc:h2:mem:test

    alter table if exists orders 
       add constraint FKpktxwhj3x9m4gth5ff6bkqgeb 
       foreign key (member_id) 
       references member

    alter table if exists orders 
       add constraint FKpktxwhj3x9m4gth5ff6bkqgeb 
       foreign key (member_id) 
       references member;
2024-08-08T18:48:28.009+09:00  INFO 30944 --- [    Test worker] j.LocalContainerEntityManagerFactoryBean : Initialized JPA EntityManagerFactory for persistence unit 'default'
2024-08-08T18:48:28.151+09:00  WARN 30944 --- [    Test worker] JpaBaseConfiguration$JpaWebConfiguration : spring.jpa.open-in-view is enabled by default. Therefore, database queries may be performed during view rendering. Explicitly configure spring.jpa.open-in-view to disable this warning
2024-08-08T18:48:28.419+09:00  INFO 30944 --- [    Test worker] j.jpashop.service.MemberServiceTest      : Started MemberServiceTest in 2.519 seconds (process running for 3.207)
2024-08-08T18:48:28.995+09:00 DEBUG 30944 --- [    Test worker] org.hibernate.SQL                        : 
    select
        m1_0.member_id,
        m1_0.city,
        m1_0.street,
        m1_0.zipcode,
        m1_0.name 
    from
        member m1_0 
    where
        m1_0.name=?
2024-08-08T18:48:28.999+09:00 TRACE 30944 --- [    Test worker] org.hibernate.orm.jdbc.bind              : binding parameter (1:VARCHAR) <- [kim]
2024-08-08T18:48:29.004+09:00  INFO 30944 --- [    Test worker] p6spy                                    : #1723110509004 | took 4ms | statement | connection 3| url jdbc:h2:mem:test
select m1_0.member_id,m1_0.city,m1_0.street,m1_0.zipcode,m1_0.name from member m1_0 where m1_0.name=?
select m1_0.member_id,m1_0.city,m1_0.street,m1_0.zipcode,m1_0.name from member m1_0 where m1_0.name='kim';
2024-08-08T18:48:29.011+09:00 DEBUG 30944 --- [    Test worker] org.hibernate.SQL                        : 
    select
        next value for member_seq
2024-08-08T18:48:29.013+09:00  INFO 30944 --- [    Test worker] p6spy                                    : #1723110509013 | took 0ms | statement | connection 3| url jdbc:h2:mem:test
select next value for member_seq
select next value for member_seq;
2024-08-08T18:48:29.030+09:00 DEBUG 30944 --- [    Test worker] org.hibernate.SQL                        : 
    insert 
    into
        member
        (city, street, zipcode, name, member_id) 
    values
        (?, ?, ?, ?, ?)
2024-08-08T18:48:29.031+09:00 TRACE 30944 --- [    Test worker] org.hibernate.orm.jdbc.bind              : binding parameter (1:VARCHAR) <- [null]
2024-08-08T18:48:29.032+09:00 TRACE 30944 --- [    Test worker] org.hibernate.orm.jdbc.bind              : binding parameter (2:VARCHAR) <- [null]
2024-08-08T18:48:29.032+09:00 TRACE 30944 --- [    Test worker] org.hibernate.orm.jdbc.bind              : binding parameter (3:VARCHAR) <- [null]
2024-08-08T18:48:29.032+09:00 TRACE 30944 --- [    Test worker] org.hibernate.orm.jdbc.bind              : binding parameter (4:VARCHAR) <- [kim]
2024-08-08T18:48:29.032+09:00 TRACE 30944 --- [    Test worker] org.hibernate.orm.jdbc.bind              : binding parameter (5:BIGINT) <- [1]
2024-08-08T18:48:29.033+09:00  INFO 30944 --- [    Test worker] p6spy                                    : #1723110509033 | took 0ms | statement | connection 3| url jdbc:h2:mem:test
insert into member (city,street,zipcode,name,member_id) values (?,?,?,?,?)
insert into member (city,street,zipcode,name,member_id) values (NULL,NULL,NULL,'kim',1);
2024-08-08T18:48:29.035+09:00 DEBUG 30944 --- [    Test worker] org.hibernate.SQL                        : 
    select
        m1_0.member_id,
        m1_0.city,
        m1_0.street,
        m1_0.zipcode,
        m1_0.name 
    from
        member m1_0 
    where
        m1_0.name=?
2024-08-08T18:48:29.035+09:00 TRACE 30944 --- [    Test worker] org.hibernate.orm.jdbc.bind              : binding parameter (1:VARCHAR) <- [kim]
2024-08-08T18:48:29.035+09:00  INFO 30944 --- [    Test worker] p6spy                                    : #1723110509035 | took 0ms | statement | connection 3| url jdbc:h2:mem:test
select m1_0.member_id,m1_0.city,m1_0.street,m1_0.zipcode,m1_0.name from member m1_0 where m1_0.name=?
select m1_0.member_id,m1_0.city,m1_0.street,m1_0.zipcode,m1_0.name from member m1_0 where m1_0.name='kim';
2024-08-08T18:48:29.041+09:00  INFO 30944 --- [    Test worker] p6spy                                    : #1723110509040 | took 0ms | rollback | connection 3| url jdbc:h2:mem:test

;
2024-08-08T18:48:29.045+09:00 DEBUG 30944 --- [    Test worker] org.hibernate.SQL                        : 
    select
        m1_0.member_id,
        m1_0.city,
        m1_0.street,
        m1_0.zipcode,
        m1_0.name 
    from
        member m1_0 
    where
        m1_0.name=?
2024-08-08T18:48:29.045+09:00 TRACE 30944 --- [    Test worker] org.hibernate.orm.jdbc.bind              : binding parameter (1:VARCHAR) <- [kim]
2024-08-08T18:48:29.046+09:00  INFO 30944 --- [    Test worker] p6spy                                    : #1723110509046 | took 0ms | statement | connection 4| url jdbc:h2:mem:test
select m1_0.member_id,m1_0.city,m1_0.street,m1_0.zipcode,m1_0.name from member m1_0 where m1_0.name=?
select m1_0.member_id,m1_0.city,m1_0.street,m1_0.zipcode,m1_0.name from member m1_0 where m1_0.name='kim';
2024-08-08T18:48:29.046+09:00 DEBUG 30944 --- [    Test worker] org.hibernate.SQL                        : 
    select
        next value for member_seq
2024-08-08T18:48:29.046+09:00  INFO 30944 --- [    Test worker] p6spy                                    : #1723110509046 | took 0ms | statement | connection 4| url jdbc:h2:mem:test
select next value for member_seq
select next value for member_seq;
2024-08-08T18:48:29.050+09:00  INFO 30944 --- [    Test worker] p6spy                                    : #1723110509050 | took 0ms | rollback | connection 4| url jdbc:h2:mem:test

;
]]></system-out>
  <system-err><![CDATA[]]></system-err>
</testsuite>
