<?xml version="1.0" encoding="UTF-8"?>
<testsuite name="jpabook.jpashop.service.OrderServiceTest" tests="3" skipped="0" failures="0" errors="0" timestamp="2024-08-12T06:54:01" hostname="JooYoung.local" time="0.446">
  <properties/>
  <testcase name="재고_수량_초과_검증" classname="jpabook.jpashop.service.OrderServiceTest" time="0.43"/>
  <testcase name="상품_주문" classname="jpabook.jpashop.service.OrderServiceTest" time="0.01"/>
  <testcase name="주문_취소" classname="jpabook.jpashop.service.OrderServiceTest" time="0.005"/>
  <system-out><![CDATA[15:53:57.489 [Test worker] INFO org.springframework.boot.devtools.restart.RestartApplicationListener -- Restart disabled due to context in which it is running
  .   ____          _            __ _ _
 /\\ / ___'_ __ _ _(_)_ __  __ _ \ \ \ \
( ( )\___ | '_ | '_| | '_ \/ _` | \ \ \ \
 \\/  ___)| |_)| | | | | || (_| |  ) ) ) )
  '  |____| .__|_| |_|_| |_\__, | / / / /
 =========|_|==============|___/=/_/_/_/

 :: Spring Boot ::                (v3.3.0)

2024-08-12T15:53:57.753+09:00  INFO 42295 --- [    Test worker] j.jpashop.service.OrderServiceTest       : Starting OrderServiceTest using Java 17.0.9 with PID 42295 (started by jy_23 in /Users/jy_23/drive/spring_jpa/e_commerce_project)
2024-08-12T15:53:57.754+09:00  INFO 42295 --- [    Test worker] j.jpashop.service.OrderServiceTest       : No active profile set, falling back to 1 default profile: "default"
2024-08-12T15:53:58.366+09:00  INFO 42295 --- [    Test worker] .s.d.r.c.RepositoryConfigurationDelegate : Bootstrapping Spring Data JPA repositories in DEFAULT mode.
2024-08-12T15:53:58.385+09:00  INFO 42295 --- [    Test worker] .s.d.r.c.RepositoryConfigurationDelegate : Finished Spring Data repository scanning in 11 ms. Found 0 JPA repository interfaces.
2024-08-12T15:53:58.834+09:00  INFO 42295 --- [    Test worker] o.hibernate.jpa.internal.util.LogHelper  : HHH000204: Processing PersistenceUnitInfo [name: default]
2024-08-12T15:53:58.895+09:00  INFO 42295 --- [    Test worker] org.hibernate.Version                    : HHH000412: Hibernate ORM core version 6.5.2.Final
2024-08-12T15:53:58.934+09:00  INFO 42295 --- [    Test worker] o.h.c.internal.RegionFactoryInitiator    : HHH000026: Second-level cache disabled
2024-08-12T15:53:59.181+09:00  INFO 42295 --- [    Test worker] o.s.o.j.p.SpringPersistenceUnitInfo      : No LoadTimeWeaver setup: ignoring JPA class transformer
2024-08-12T15:53:59.203+09:00  INFO 42295 --- [    Test worker] com.zaxxer.hikari.HikariDataSource       : HikariPool-1 - Starting...
2024-08-12T15:53:59.449+09:00  INFO 42295 --- [    Test worker] com.zaxxer.hikari.pool.HikariPool        : HikariPool-1 - Added connection conn0: url=jdbc:h2:mem:test user=SA
2024-08-12T15:53:59.451+09:00  INFO 42295 --- [    Test worker] com.zaxxer.hikari.HikariDataSource       : HikariPool-1 - Start completed.
2024-08-12T15:54:00.380+09:00  INFO 42295 --- [    Test worker] o.h.e.t.j.p.i.JtaPlatformInitiator       : HHH000489: No JTA platform available (set 'hibernate.transaction.jta.platform' to enable JTA platform integration)
2024-08-12T15:54:00.390+09:00 DEBUG 42295 --- [    Test worker] org.hibernate.SQL                        : 
    drop table if exists delivery cascade 
2024-08-12T15:54:00.393+09:00  INFO 42295 --- [    Test worker] p6spy                                    : #1723445640393 | took 0ms | statement | connection 1| url jdbc:h2:mem:test

    drop table if exists delivery cascade 

    drop table if exists delivery cascade ;
2024-08-12T15:54:00.393+09:00 DEBUG 42295 --- [    Test worker] org.hibernate.SQL                        : 
    drop table if exists item cascade 
2024-08-12T15:54:00.394+09:00  INFO 42295 --- [    Test worker] p6spy                                    : #1723445640394 | took 0ms | statement | connection 1| url jdbc:h2:mem:test

    drop table if exists item cascade 

    drop table if exists item cascade ;
2024-08-12T15:54:00.394+09:00 DEBUG 42295 --- [    Test worker] org.hibernate.SQL                        : 
    drop table if exists member cascade 
2024-08-12T15:54:00.395+09:00  INFO 42295 --- [    Test worker] p6spy                                    : #1723445640395 | took 0ms | statement | connection 1| url jdbc:h2:mem:test

    drop table if exists member cascade 

    drop table if exists member cascade ;
2024-08-12T15:54:00.395+09:00 DEBUG 42295 --- [    Test worker] org.hibernate.SQL                        : 
    drop table if exists order_item cascade 
2024-08-12T15:54:00.396+09:00  INFO 42295 --- [    Test worker] p6spy                                    : #1723445640395 | took 0ms | statement | connection 1| url jdbc:h2:mem:test

    drop table if exists order_item cascade 

    drop table if exists order_item cascade ;
2024-08-12T15:54:00.396+09:00 DEBUG 42295 --- [    Test worker] org.hibernate.SQL                        : 
    drop table if exists orders cascade 
2024-08-12T15:54:00.396+09:00  INFO 42295 --- [    Test worker] p6spy                                    : #1723445640396 | took 0ms | statement | connection 1| url jdbc:h2:mem:test

    drop table if exists orders cascade 

    drop table if exists orders cascade ;
2024-08-12T15:54:00.396+09:00 DEBUG 42295 --- [    Test worker] org.hibernate.SQL                        : 
    drop sequence if exists delivery_seq
2024-08-12T15:54:00.397+09:00  INFO 42295 --- [    Test worker] p6spy                                    : #1723445640397 | took 0ms | statement | connection 1| url jdbc:h2:mem:test

    drop sequence if exists delivery_seq

    drop sequence if exists delivery_seq;
2024-08-12T15:54:00.397+09:00 DEBUG 42295 --- [    Test worker] org.hibernate.SQL                        : 
    drop sequence if exists item_seq
2024-08-12T15:54:00.397+09:00  INFO 42295 --- [    Test worker] p6spy                                    : #1723445640397 | took 0ms | statement | connection 1| url jdbc:h2:mem:test

    drop sequence if exists item_seq

    drop sequence if exists item_seq;
2024-08-12T15:54:00.397+09:00 DEBUG 42295 --- [    Test worker] org.hibernate.SQL                        : 
    drop sequence if exists member_seq
2024-08-12T15:54:00.397+09:00  INFO 42295 --- [    Test worker] p6spy                                    : #1723445640397 | took 0ms | statement | connection 1| url jdbc:h2:mem:test

    drop sequence if exists member_seq

    drop sequence if exists member_seq;
2024-08-12T15:54:00.398+09:00 DEBUG 42295 --- [    Test worker] org.hibernate.SQL                        : 
    drop sequence if exists order_item_seq
2024-08-12T15:54:00.398+09:00  INFO 42295 --- [    Test worker] p6spy                                    : #1723445640398 | took 0ms | statement | connection 1| url jdbc:h2:mem:test

    drop sequence if exists order_item_seq

    drop sequence if exists order_item_seq;
2024-08-12T15:54:00.399+09:00 DEBUG 42295 --- [    Test worker] org.hibernate.SQL                        : 
    drop sequence if exists orders_seq
2024-08-12T15:54:00.399+09:00  INFO 42295 --- [    Test worker] p6spy                                    : #1723445640399 | took 0ms | statement | connection 1| url jdbc:h2:mem:test

    drop sequence if exists orders_seq

    drop sequence if exists orders_seq;
2024-08-12T15:54:00.403+09:00 DEBUG 42295 --- [    Test worker] org.hibernate.SQL                        : 
    create sequence delivery_seq start with 1 increment by 50
2024-08-12T15:54:00.404+09:00  INFO 42295 --- [    Test worker] p6spy                                    : #1723445640404 | took 1ms | statement | connection 2| url jdbc:h2:mem:test

    create sequence delivery_seq start with 1 increment by 50

    create sequence delivery_seq start with 1 increment by 50;
2024-08-12T15:54:00.405+09:00 DEBUG 42295 --- [    Test worker] org.hibernate.SQL                        : 
    create sequence item_seq start with 1 increment by 50
2024-08-12T15:54:00.405+09:00  INFO 42295 --- [    Test worker] p6spy                                    : #1723445640405 | took 0ms | statement | connection 2| url jdbc:h2:mem:test

    create sequence item_seq start with 1 increment by 50

    create sequence item_seq start with 1 increment by 50;
2024-08-12T15:54:00.406+09:00 DEBUG 42295 --- [    Test worker] org.hibernate.SQL                        : 
    create sequence member_seq start with 1 increment by 50
2024-08-12T15:54:00.406+09:00  INFO 42295 --- [    Test worker] p6spy                                    : #1723445640406 | took 0ms | statement | connection 2| url jdbc:h2:mem:test

    create sequence member_seq start with 1 increment by 50

    create sequence member_seq start with 1 increment by 50;
2024-08-12T15:54:00.406+09:00 DEBUG 42295 --- [    Test worker] org.hibernate.SQL                        : 
    create sequence order_item_seq start with 1 increment by 50
2024-08-12T15:54:00.406+09:00  INFO 42295 --- [    Test worker] p6spy                                    : #1723445640406 | took 0ms | statement | connection 2| url jdbc:h2:mem:test

    create sequence order_item_seq start with 1 increment by 50

    create sequence order_item_seq start with 1 increment by 50;
2024-08-12T15:54:00.407+09:00 DEBUG 42295 --- [    Test worker] org.hibernate.SQL                        : 
    create sequence orders_seq start with 1 increment by 50
2024-08-12T15:54:00.407+09:00  INFO 42295 --- [    Test worker] p6spy                                    : #1723445640407 | took 0ms | statement | connection 2| url jdbc:h2:mem:test

    create sequence orders_seq start with 1 increment by 50

    create sequence orders_seq start with 1 increment by 50;
2024-08-12T15:54:00.410+09:00 DEBUG 42295 --- [    Test worker] org.hibernate.SQL                        : 
    create table delivery (
        delivery_id bigint not null,
        city varchar(255),
        street varchar(255),
        zipcode varchar(255),
        status enum ('COMP','READY'),
        primary key (delivery_id)
    )
2024-08-12T15:54:00.414+09:00  INFO 42295 --- [    Test worker] p6spy                                    : #1723445640414 | took 3ms | statement | connection 2| url jdbc:h2:mem:test

    create table delivery (
        delivery_id bigint not null,
        city varchar(255),
        street varchar(255),
        zipcode varchar(255),
        status enum ('COMP','READY'),
        primary key (delivery_id)
    )

    create table delivery (
        delivery_id bigint not null,
        city varchar(255),
        street varchar(255),
        zipcode varchar(255),
        status enum ('COMP','READY'),
        primary key (delivery_id)
    );
2024-08-12T15:54:00.415+09:00 DEBUG 42295 --- [    Test worker] org.hibernate.SQL                        : 
    create table item (
        price integer not null,
        stock_quantity integer not null,
        item_id bigint not null,
        dtype varchar(31) not null,
        actor varchar(255),
        artist varchar(255),
        author varchar(255),
        director varchar(255),
        etc varchar(255),
        isbn varchar(255),
        name varchar(255),
        primary key (item_id)
    )
2024-08-12T15:54:00.417+09:00  INFO 42295 --- [    Test worker] p6spy                                    : #1723445640417 | took 1ms | statement | connection 2| url jdbc:h2:mem:test

    create table item (
        price integer not null,
        stock_quantity integer not null,
        item_id bigint not null,
        dtype varchar(31) not null,
        actor varchar(255),
        artist varchar(255),
        author varchar(255),
        director varchar(255),
        etc varchar(255),
        isbn varchar(255),
        name varchar(255),
        primary key (item_id)
    )

    create table item (
        price integer not null,
        stock_quantity integer not null,
        item_id bigint not null,
        dtype varchar(31) not null,
        actor varchar(255),
        artist varchar(255),
        author varchar(255),
        director varchar(255),
        etc varchar(255),
        isbn varchar(255),
        name varchar(255),
        primary key (item_id)
    );
2024-08-12T15:54:00.418+09:00 DEBUG 42295 --- [    Test worker] org.hibernate.SQL                        : 
    create table member (
        member_id bigint not null,
        city varchar(255),
        name varchar(255),
        street varchar(255),
        zipcode varchar(255),
        primary key (member_id)
    )
2024-08-12T15:54:00.419+09:00  INFO 42295 --- [    Test worker] p6spy                                    : #1723445640419 | took 0ms | statement | connection 2| url jdbc:h2:mem:test

    create table member (
        member_id bigint not null,
        city varchar(255),
        name varchar(255),
        street varchar(255),
        zipcode varchar(255),
        primary key (member_id)
    )

    create table member (
        member_id bigint not null,
        city varchar(255),
        name varchar(255),
        street varchar(255),
        zipcode varchar(255),
        primary key (member_id)
    );
2024-08-12T15:54:00.419+09:00 DEBUG 42295 --- [    Test worker] org.hibernate.SQL                        : 
    create table order_item (
        count integer not null,
        order_price integer not null,
        item_id bigint,
        order_id bigint,
        order_item_id bigint not null,
        primary key (order_item_id)
    )
2024-08-12T15:54:00.420+09:00  INFO 42295 --- [    Test worker] p6spy                                    : #1723445640420 | took 0ms | statement | connection 2| url jdbc:h2:mem:test

    create table order_item (
        count integer not null,
        order_price integer not null,
        item_id bigint,
        order_id bigint,
        order_item_id bigint not null,
        primary key (order_item_id)
    )

    create table order_item (
        count integer not null,
        order_price integer not null,
        item_id bigint,
        order_id bigint,
        order_item_id bigint not null,
        primary key (order_item_id)
    );
2024-08-12T15:54:00.421+09:00 DEBUG 42295 --- [    Test worker] org.hibernate.SQL                        : 
    create table orders (
        delivery_id bigint unique,
        member_id bigint,
        order_date timestamp(6),
        order_id bigint not null,
        status enum ('CANCEL','ORDER'),
        primary key (order_id)
    )
2024-08-12T15:54:00.424+09:00  INFO 42295 --- [    Test worker] p6spy                                    : #1723445640424 | took 2ms | statement | connection 2| url jdbc:h2:mem:test

    create table orders (
        delivery_id bigint unique,
        member_id bigint,
        order_date timestamp(6),
        order_id bigint not null,
        status enum ('CANCEL','ORDER'),
        primary key (order_id)
    )

    create table orders (
        delivery_id bigint unique,
        member_id bigint,
        order_date timestamp(6),
        order_id bigint not null,
        status enum ('CANCEL','ORDER'),
        primary key (order_id)
    );
2024-08-12T15:54:00.425+09:00 DEBUG 42295 --- [    Test worker] org.hibernate.SQL                        : 
    alter table if exists order_item 
       add constraint FKija6hjjiit8dprnmvtvgdp6ru 
       foreign key (item_id) 
       references item
2024-08-12T15:54:00.434+09:00  INFO 42295 --- [    Test worker] p6spy                                    : #1723445640434 | took 9ms | statement | connection 2| url jdbc:h2:mem:test

    alter table if exists order_item 
       add constraint FKija6hjjiit8dprnmvtvgdp6ru 
       foreign key (item_id) 
       references item

    alter table if exists order_item 
       add constraint FKija6hjjiit8dprnmvtvgdp6ru 
       foreign key (item_id) 
       references item;
2024-08-12T15:54:00.435+09:00 DEBUG 42295 --- [    Test worker] org.hibernate.SQL                        : 
    alter table if exists order_item 
       add constraint FKt4dc2r9nbvbujrljv3e23iibt 
       foreign key (order_id) 
       references orders
2024-08-12T15:54:00.436+09:00  INFO 42295 --- [    Test worker] p6spy                                    : #1723445640436 | took 1ms | statement | connection 2| url jdbc:h2:mem:test

    alter table if exists order_item 
       add constraint FKt4dc2r9nbvbujrljv3e23iibt 
       foreign key (order_id) 
       references orders

    alter table if exists order_item 
       add constraint FKt4dc2r9nbvbujrljv3e23iibt 
       foreign key (order_id) 
       references orders;
2024-08-12T15:54:00.437+09:00 DEBUG 42295 --- [    Test worker] org.hibernate.SQL                        : 
    alter table if exists orders 
       add constraint FKtkrur7wg4d8ax0pwgo0vmy20c 
       foreign key (delivery_id) 
       references delivery
2024-08-12T15:54:00.438+09:00  INFO 42295 --- [    Test worker] p6spy                                    : #1723445640438 | took 0ms | statement | connection 2| url jdbc:h2:mem:test

    alter table if exists orders 
       add constraint FKtkrur7wg4d8ax0pwgo0vmy20c 
       foreign key (delivery_id) 
       references delivery

    alter table if exists orders 
       add constraint FKtkrur7wg4d8ax0pwgo0vmy20c 
       foreign key (delivery_id) 
       references delivery;
2024-08-12T15:54:00.438+09:00 DEBUG 42295 --- [    Test worker] org.hibernate.SQL                        : 
    alter table if exists orders 
       add constraint FKpktxwhj3x9m4gth5ff6bkqgeb 
       foreign key (member_id) 
       references member
2024-08-12T15:54:00.440+09:00  INFO 42295 --- [    Test worker] p6spy                                    : #1723445640440 | took 1ms | statement | connection 2| url jdbc:h2:mem:test

    alter table if exists orders 
       add constraint FKpktxwhj3x9m4gth5ff6bkqgeb 
       foreign key (member_id) 
       references member

    alter table if exists orders 
       add constraint FKpktxwhj3x9m4gth5ff6bkqgeb 
       foreign key (member_id) 
       references member;
2024-08-12T15:54:00.442+09:00  INFO 42295 --- [    Test worker] j.LocalContainerEntityManagerFactoryBean : Initialized JPA EntityManagerFactory for persistence unit 'default'
2024-08-12T15:54:00.818+09:00  WARN 42295 --- [    Test worker] JpaBaseConfiguration$JpaWebConfiguration : spring.jpa.open-in-view is enabled by default. Therefore, database queries may be performed during view rendering. Explicitly configure spring.jpa.open-in-view to disable this warning
2024-08-12T15:54:01.147+09:00  INFO 42295 --- [    Test worker] j.jpashop.service.OrderServiceTest       : Started OrderServiceTest in 3.67 seconds (process running for 5.086)
2024-08-12T15:54:01.543+09:00 DEBUG 42295 --- [    Test worker] org.hibernate.SQL                        : 
    select
        next value for member_seq
2024-08-12T15:54:01.554+09:00  INFO 42295 --- [    Test worker] p6spy                                    : #1723445641554 | took 5ms | statement | connection 3| url jdbc:h2:mem:test
select next value for member_seq
select next value for member_seq;
2024-08-12T15:54:01.574+09:00 DEBUG 42295 --- [    Test worker] org.hibernate.SQL                        : 
    select
        next value for item_seq
2024-08-12T15:54:01.575+09:00  INFO 42295 --- [    Test worker] p6spy                                    : #1723445641575 | took 0ms | statement | connection 3| url jdbc:h2:mem:test
select next value for item_seq
select next value for item_seq;
2024-08-12T15:54:01.587+09:00  INFO 42295 --- [    Test worker] p6spy                                    : #1723445641587 | took 0ms | rollback | connection 3| url jdbc:h2:mem:test

;
2024-08-12T15:54:01.592+09:00 DEBUG 42295 --- [    Test worker] org.hibernate.SQL                        : 
    select
        next value for member_seq
2024-08-12T15:54:01.592+09:00  INFO 42295 --- [    Test worker] p6spy                                    : #1723445641592 | took 0ms | statement | connection 4| url jdbc:h2:mem:test
select next value for member_seq
select next value for member_seq;
2024-08-12T15:54:01.593+09:00 DEBUG 42295 --- [    Test worker] org.hibernate.SQL                        : 
    select
        next value for item_seq
2024-08-12T15:54:01.593+09:00  INFO 42295 --- [    Test worker] p6spy                                    : #1723445641593 | took 0ms | statement | connection 4| url jdbc:h2:mem:test
select next value for item_seq
select next value for item_seq;
2024-08-12T15:54:01.594+09:00 DEBUG 42295 --- [    Test worker] org.hibernate.SQL                        : 
    select
        next value for orders_seq
2024-08-12T15:54:01.594+09:00  INFO 42295 --- [    Test worker] p6spy                                    : #1723445641594 | took 0ms | statement | connection 4| url jdbc:h2:mem:test
select next value for orders_seq
select next value for orders_seq;
2024-08-12T15:54:01.595+09:00 DEBUG 42295 --- [    Test worker] org.hibernate.SQL                        : 
    select
        next value for delivery_seq
2024-08-12T15:54:01.596+09:00  INFO 42295 --- [    Test worker] p6spy                                    : #1723445641596 | took 0ms | statement | connection 4| url jdbc:h2:mem:test
select next value for delivery_seq
select next value for delivery_seq;
2024-08-12T15:54:01.597+09:00 DEBUG 42295 --- [    Test worker] org.hibernate.SQL                        : 
    select
        next value for order_item_seq
2024-08-12T15:54:01.598+09:00  INFO 42295 --- [    Test worker] p6spy                                    : #1723445641598 | took 0ms | statement | connection 4| url jdbc:h2:mem:test
select next value for order_item_seq
select next value for order_item_seq;
2024-08-12T15:54:01.600+09:00  INFO 42295 --- [    Test worker] p6spy                                    : #1723445641600 | took 0ms | rollback | connection 4| url jdbc:h2:mem:test

;
2024-08-12T15:54:01.603+09:00 DEBUG 42295 --- [    Test worker] org.hibernate.SQL                        : 
    select
        next value for orders_seq
2024-08-12T15:54:01.603+09:00  INFO 42295 --- [    Test worker] p6spy                                    : #1723445641603 | took 0ms | statement | connection 5| url jdbc:h2:mem:test
select next value for orders_seq
select next value for orders_seq;
2024-08-12T15:54:01.603+09:00 DEBUG 42295 --- [    Test worker] org.hibernate.SQL                        : 
    select
        next value for delivery_seq
2024-08-12T15:54:01.603+09:00  INFO 42295 --- [    Test worker] p6spy                                    : #1723445641603 | took 0ms | statement | connection 5| url jdbc:h2:mem:test
select next value for delivery_seq
select next value for delivery_seq;
2024-08-12T15:54:01.604+09:00 DEBUG 42295 --- [    Test worker] org.hibernate.SQL                        : 
    select
        next value for order_item_seq
2024-08-12T15:54:01.604+09:00  INFO 42295 --- [    Test worker] p6spy                                    : #1723445641604 | took 0ms | statement | connection 5| url jdbc:h2:mem:test
select next value for order_item_seq
select next value for order_item_seq;
2024-08-12T15:54:01.605+09:00  INFO 42295 --- [    Test worker] p6spy                                    : #1723445641605 | took 0ms | rollback | connection 5| url jdbc:h2:mem:test

;
]]></system-out>
  <system-err><![CDATA[]]></system-err>
</testsuite>
